


ARM Macro Assembler    Page 1 


    1 00000000         ;/******************************************************
                       ***********************
    2 00000000         ; * @file:    startup_gecko.s
    3 00000000         ; * @purpose: CMSIS Cortex-M0 Core Device Startup File 
    4 00000000         ; *           for the TWS Charger Device  
    5 00000000         ; * @version: V1.0
    6 00000000         ; * @date:    25 July 2020
    7 00000000         ; Author:   Junfeng
    8 00000000         ; * Copyright (C) 2020 ARM Limited. All rights reserved.
                       
    9 00000000         ; * ARM Limited (ARM) is supplying this software for use
                        with Cortex-M0 
   10 00000000         ; * processor based microcontrollers.  This file can be 
                       freely distributed 
   11 00000000         ; * within development tools that are supporting such AR
                       M based processors. 
   12 00000000         ; 
   13 00000000         ; ******************************************************
                       ***********************/
   14 00000000         
   15 00000000         
   16 00000000         ; <h> Stack Configuration
   17 00000000         ;   <o> Stack Size (in Bytes) <0x0-0xFFFFFFFF:8>
   18 00000000         ; </h>
   19 00000000         
   20 00000000         ;Stack_Size      EQU     0x00000100     ;define the size
                        as 256 bytes
   21 00000000         
   22 00000000         ;                AREA    STACK, NOINIT, READWRITE, ALIGN
                       =3 
   23 00000000         ;Stack_Mem       SPACE   Stack_Size
   24 00000000 20000FFC 
                       __initial_sp
                               EQU              0x20000ffc
   25 00000000         
   26 00000000         
   27 00000000         ; <h> Heap Configuration
   28 00000000         ;   <o>  Heap Size (in Bytes) <0x0-0xFFFFFFFF:8>
   29 00000000         ; </h>
   30 00000000         
   31 00000000         ; Heap_Size       EQU     0x00000100    ;heap size 0
   32 00000000         ; if not use standard library "malloc" function, it can 
                       be set to zero
   33 00000000 00000000 
                       Heap_Size
                               EQU              0x00000000  ;heap size 0
   34 00000000         
   35 00000000                 AREA             HEAP, NOINIT, READWRITE, ALIGN=
3
   36 00000000         __heap_base
   37 00000000         Heap_Mem
                               SPACE            Heap_Size
   38 00000000         __heap_limit
   39 00000000         
   40 00000000         
   41 00000000                 PRESERVE8
   42 00000000                 THUMB
   43 00000000         
   44 00000000         



ARM Macro Assembler    Page 2 


   45 00000000         ; Vector Table Mapped to Address 0 at Reset
   46 00000000         
   47 00000000                 AREA             RESET, DATA, READONLY
   48 00000000                 EXPORT           __Vectors
   49 00000000         
   50 00000000 20000FFC 
                       __Vectors
                               DCD              __initial_sp ; Top of Stack
   51 00000004 00000000        DCD              Reset_Handler ; Reset Handler
   52 00000008 00000000        DCD              NMI_Handler ; NMI Handler
   53 0000000C 00000000        DCD              HardFault_Handler ; Hard Fault 
                                                            Handler
   54 00000010 00000000        DCD              MemManage_Handler 
                                                            ; MPU Fault Handler
                                                            
   55 00000014 00000000        DCD              BusFault_Handler 
                                                            ; Bus Fault Handler
                                                            
   56 00000018 00000000        DCD              UsageFault_Handler ; Usage Faul
                                                            t Handler
   57 0000001C 00000000        DCD              0           ; Reserved
   58 00000020 00000000        DCD              0           ; Reserved
   59 00000024 00000000        DCD              0           ; Reserved
   60 00000028 00000000        DCD              0           ; Reserved
   61 0000002C 00000000        DCD              SVC_Handler ; SVCall Handler
   62 00000030 00000000        DCD              DebugMon_Handler ; Debug Monito
                                                            r Handler
   63 00000034 00000000        DCD              0           ; Reserved
   64 00000038 00000000        DCD              PendSV_Handler ; PendSV Handler
                                                            
   65 0000003C 00000000        DCD              SysTick_Handler 
                                                            ; SysTick Handler
   66 00000040         
   67 00000040         ; External Interrupts
   68 00000040 00000000        DCD              I2C0_IRQHandler ; IRQ 0
   69 00000044 00000000        DCD              I2C1_IRQHandler ; IRQ 1 
   70 00000048 00000000        DCD              UART0_IRQHandler ; IRQ 2
   71 0000004C 00000000        DCD              UART1_IRQHandler ; IRQ 3
   72 00000050 00000000        DCD              DMA_IRQHandler ; IRQ 4 
   73 00000054         
   74 00000054 00000000        DCD              TIMER0_IRQHandler ; IRQ 5
   75 00000058 00000000        DCD              TIMER1_IRQHandler ; IRQ 6
   76 0000005C 00000000        DCD              GPADC_IRQHandler ; IRQ 7
   77 00000060         
   78 00000060 00000000        DCD              SYS_GPIO_0_IRQHandler ; IRQ 8; 
                                                            Group0//GPIO[7:0] c
                                                            ombination interrup
                                                            t
   79 00000064 00000000        DCD              SYS_GPIO_1_IRQHandler ; IRQ 9; 
                                                            Group1//GPIO[7:0] c
                                                            ombination interrup
                                                            t
   80 00000068 00000000        DCD              WDT_IRQHandler ; IRQ 10
   81 0000006C         ;               DCD     Lightning_IRQHandler      ; IRQ 
                       11 Lightning Transfer Interrupt
   82 0000006C 00000000        DCD              GPIO_A2_IRQHandler ; IRQ 11 cha
                                                            nged it to GPIO_A_2
                                                            (PAD20)
   83 00000070         



ARM Macro Assembler    Page 3 


   84 00000070 00000000        DCD              GPIO_A0_IRQHandler ; IRQ 12; 
   85 00000074 00000000        DCD              APB_SPI0_IRQnHandler ; IRQ 13; 
                                                            
   86 00000078 00000000        DCD              APB_SPI1_IRQnHandler ; IRQ 14;
   87 0000007C         ;               DCD     QI_IRQnHandler            ; IRQ 
                       15;
   88 0000007C 00000000        DCD              GPIO_A3_IRQHandler ; IRQ 15; ch
                                                            anged it to GPIO_A_
                                                            3(PAD21)
   89 00000080 00000000        DCD              QSPI_CTRL_IRQHandler ; IRQ 16; 
                                                            QSPI controller int
                                                            errupt      
   90 00000084 00000000        DCD              RTC_IRQHandler ; IRQ 17; 
   91 00000088 00000000        DCD              GPIO_A4_IRQHandler ; IRQ 18; 
   92 0000008C 00000000        DCD              GPIO_A5_IRQHandler ; IRQ 19; 
   93 00000090 00000000        DCD              GPIO_A6_IRQHandler ; IRQ 20; Re
                                                            served for GPIO[6] 
                                                            MISC
   94 00000094 00000000        DCD              GPIO_A7_IRQHandler ; IRQ 21; Re
                                                            served for GPIO[7] 
                                                            MISC
   95 00000098 00000000        DCD              GPIO_B0_IRQHandler ; IRQ 22; Re
                                                            served for GPIO[8] 
                                                            MISC
   96 0000009C 00000000        DCD              GPIO_B1_IRQHandler ; IRQ 23; Re
                                                            served for GPIO[9] 
                                                            MISC
   97 000000A0 00000000        DCD              GPIO_B2_IRQHandler ; IRQ 24; Re
                                                            served for GPIO[10]
                                                             MISC
   98 000000A4 00000000        DCD              GPIO_B3_IRQHandler ; IRQ 25; Re
                                                            served for GPIO[11]
                                                             MISC
   99 000000A8 00000000        DCD              GPIO_B4_IRQHandler ; IRQ 26; Re
                                                            served for GPIO[12]
                                                             MISC
  100 000000AC 00000000        DCD              GPIO_B5_IRQHandler ; IRQ 27; Re
                                                            served for GPIO[13]
                                                             MISC
  101 000000B0 00000000        DCD              GPIO_B6_IRQHandler ; IRQ 28; Re
                                                            served for GPIO[14]
                                                             MISC
  102 000000B4 00000000        DCD              GPIO_B7_IRQHandler ; IRQ 29; Re
                                                            served for GPIO[15]
                                                             MISC
  103 000000B8 00000000        DCD              AON_WKUP_IRQHandler ; IRQ 30; 
  104 000000BC 00000000        DCD              CMU2AHB_IRQHandler ; IRQ 31; 
  105 000000C0         
  106 000000C0         
  107 000000C0                 AREA             |.text|, CODE, READONLY
  108 00000000         ; Reset Handler
  109 00000000         Reset_Handler
                               PROC
  110 00000000                 EXPORT           Reset_Handler             [WEAK
]
  111 00000000                 IMPORT           __main
  112 00000000 4805            LDR              R0, =__main
  113 00000002 4700            BX               R0
  114 00000004                 ENDP



ARM Macro Assembler    Page 4 


  115 00000004         
  116 00000004         
  117 00000004         ; Dummy Exception Handlers (infinite loops which can be 
                       modified)                
  118 00000004         
  119 00000004         NMI_Handler
                               PROC
  120 00000004                 EXPORT           NMI_Handler               [WEAK
]
  121 00000004 E7FE            B                .
  122 00000006                 ENDP
  124 00000006         HardFault_Handler
                               PROC
  125 00000006                 EXPORT           HardFault_Handler         [WEAK
]
  126 00000006 E7FE            B                .
  127 00000008                 ENDP
  129 00000008         MemManage_Handler
                               PROC
  130 00000008                 EXPORT           MemManage_Handler         [WEAK
]
  131 00000008 E7FE            B                .
  132 0000000A                 ENDP
  134 0000000A         BusFault_Handler
                               PROC
  135 0000000A                 EXPORT           BusFault_Handler          [WEAK
]
  136 0000000A E7FE            B                .
  137 0000000C                 ENDP
  139 0000000C         UsageFault_Handler
                               PROC
  140 0000000C                 EXPORT           UsageFault_Handler        [WEAK
]
  141 0000000C E7FE            B                .
  142 0000000E                 ENDP
  143 0000000E         SVC_Handler
                               PROC
  144 0000000E                 EXPORT           SVC_Handler               [WEAK
]
  145 0000000E E7FE            B                .
  146 00000010                 ENDP
  148 00000010         DebugMon_Handler
                               PROC
  149 00000010                 EXPORT           DebugMon_Handler          [WEAK
]
  150 00000010 E7FE            B                .
  151 00000012                 ENDP
  152 00000012         PendSV_Handler
                               PROC
  153 00000012                 EXPORT           PendSV_Handler            [WEAK
]
  154 00000012 E7FE            B                .
  155 00000014                 ENDP
  156 00000014         SysTick_Handler
                               PROC
  157 00000014                 EXPORT           SysTick_Handler           [WEAK
]
  158 00000014 E7FE            B                .
  159 00000016                 ENDP



ARM Macro Assembler    Page 5 


  160 00000016         
  161 00000016         Default_Handler
                               PROC
  162 00000016         
  163 00000016                 EXPORT           I2C0_IRQHandler           [WEAK
]
  164 00000016                 EXPORT           I2C1_IRQHandler           [WEAK
]
  165 00000016                 EXPORT           UART0_IRQHandler          [WEAK
]
  166 00000016                 EXPORT           UART1_IRQHandler          [WEAK
]
  167 00000016                 EXPORT           UART2_IRQHandler          [WEAK
]
  168 00000016                 EXPORT           TIMER0_IRQHandler         [WEAK
]
  169 00000016                 EXPORT           TIMER1_IRQHandler         [WEAK
]
  170 00000016                 EXPORT           GPADC_IRQHandler          [WEAK
]
  171 00000016                 EXPORT           SYS_GPIO_0_IRQHandler     [WEAK
]
  172 00000016                 EXPORT           SYS_GPIO_1_IRQHandler     [WEAK
]
  173 00000016                 EXPORT           WDT_IRQHandler            [WEAK
]
  174 00000016         
  175 00000016                 EXPORT           DMA_IRQHandler            [WEAK
]
  176 00000016                 EXPORT           APB_SPI0_IRQnHandler      [WEAK
]
  177 00000016                 EXPORT           APB_SPI1_IRQnHandler      [WEAK
]
  178 00000016         ;               EXPORT  QI_IRQnHandler         [WEAK]
  179 00000016                 EXPORT           GPIO_A3_IRQHandler        [WEAK
]
  180 00000016                 EXPORT           RTC_IRQHandler         [WEAK]
  181 00000016         
  182 00000016         ;               EXPORT  Lightning_IRQHandler      [WEAK]
                       
  183 00000016                 EXPORT           GPIO_A2_IRQHandler        [WEAK
]
  184 00000016         
  185 00000016                 EXPORT           QSPI_CTRL_IRQHandler      [WEAK
]
  186 00000016                 EXPORT           AON_WKUP_IRQHandler       [WEAK
]
  187 00000016                 EXPORT           CMU2AHB_IRQHandler        [WEAK
]
  188 00000016         
  189 00000016                 EXPORT           GPIO_A4_IRQHandler        [WEAK
]
  190 00000016                 EXPORT           GPIO_A5_IRQHandler        [WEAK
]
  191 00000016                 EXPORT           GPIO_A6_IRQHandler        [WEAK
]
  192 00000016                 EXPORT           GPIO_A7_IRQHandler        [WEAK
]
  193 00000016                 EXPORT           GPIO_B0_IRQHandler        [WEAK



ARM Macro Assembler    Page 6 


]
  194 00000016                 EXPORT           GPIO_B1_IRQHandler        [WEAK
]
  195 00000016         
  196 00000016                 EXPORT           GPIO_B0_IRQHandler        [WEAK
]
  197 00000016                 EXPORT           GPIO_B1_IRQHandler        [WEAK
]
  198 00000016                 EXPORT           GPIO_B2_IRQHandler        [WEAK
]
  199 00000016                 EXPORT           GPIO_B3_IRQHandler        [WEAK
]
  200 00000016                 EXPORT           GPIO_B4_IRQHandler        [WEAK
]
  201 00000016                 EXPORT           GPIO_B5_IRQHandler        [WEAK
]
  202 00000016                 EXPORT           GPIO_B6_IRQHandler        [WEAK
]
  203 00000016                 EXPORT           GPIO_B7_IRQHandler        [WEAK
]
  204 00000016         I2C0_IRQHandler
  205 00000016         I2C1_IRQHandler
  206 00000016         UART0_IRQHandler
  207 00000016         UART1_IRQHandler
  208 00000016         UART2_IRQHandler
  209 00000016         TIMER0_IRQHandler
  210 00000016         TIMER1_IRQHandler
  211 00000016         GPADC_IRQHandler
  212 00000016         SYS_GPIO_0_IRQHandler
  213 00000016         SYS_GPIO_1_IRQHandler
  214 00000016         WDT_IRQHandler
  215 00000016         ;Lightning_IRQHandler
  216 00000016         GPIO_A2_IRQHandler
  217 00000016         DMA_IRQHandler
  218 00000016         APB_SPI0_IRQnHandler
  219 00000016         APB_SPI1_IRQnHandler
  220 00000016         ;QI_IRQnHandler
  221 00000016         GPIO_A3_IRQHandler
  222 00000016         RTC_IRQHandler
  223 00000016         QSPI_CTRL_IRQHandler
  224 00000016         AON_WKUP_IRQHandler
  225 00000016         APB_SPI_IRQnHandler
  226 00000016         CMU2AHB_IRQHandler
  227 00000016         GPIO_A0_IRQHandler
  228 00000016         GPIO_A4_IRQHandler
  229 00000016         GPIO_A5_IRQHandler
  230 00000016         GPIO_A6_IRQHandler
  231 00000016         GPIO_A7_IRQHandler
  232 00000016         GPIO_B0_IRQHandler
  233 00000016         GPIO_B1_IRQHandler
  234 00000016         GPIO_B2_IRQHandler
  235 00000016         GPIO_B3_IRQHandler
  236 00000016         GPIO_B4_IRQHandler
  237 00000016         GPIO_B5_IRQHandler
  238 00000016         GPIO_B6_IRQHandler
  239 00000016         GPIO_B7_IRQHandler
  240 00000016         
  241 00000016         
  242 00000016 E7FE            B                .



ARM Macro Assembler    Page 7 


  243 00000018         
  244 00000018                 ENDP
  245 00000018         
  246 00000018         
  247 00000018                 ALIGN
  248 00000018         
  249 00000018         
  250 00000018         ; User Initial Stack & Heap
  251 00000018         
  252 00000018                 IF               :DEF:__MICROLIB
  253 00000018         
  254 00000018                 EXPORT           __initial_sp
  255 00000018                 EXPORT           __heap_base
  256 00000018                 EXPORT           __heap_limit
  257 00000018         
  258 00000018                 ELSE
  272                          ENDIF
  273 00000018         
  274 00000018         
  275 00000018                 END
              00000000 
Command Line: --debug --xref --diag_suppress=9931 --cpu=Cortex-M0 --apcs=interw
ork --depend=.\objects\startup_cm0.d -o.\objects\startup_cm0.o -I.\RTE\_Target_
1 -ID:\Keil_v5\ARM\PACK\ARM\CMSIS\5.9.0\Device\ARM\ARMCM0\Include -ID:\Keil_v5\
ARM\CMSIS\Include --predefine="__MICROLIB SETA 1" --predefine="__UVISION_VERSIO
N SETA 525" --predefine="ARMCM0 SETA 1" --list=.\listings\startup_cm0.lst start
up\startup_cm0.s



ARM Macro Assembler    Page 1 Alphabetic symbol ordering
Relocatable symbols

HEAP 00000000

Symbol: HEAP
   Definitions
      At line 35 in file startup\startup_cm0.s
   Uses
      None
Comment: HEAP unused
Heap_Mem 00000000

Symbol: Heap_Mem
   Definitions
      At line 37 in file startup\startup_cm0.s
   Uses
      None
Comment: Heap_Mem unused
__heap_base 00000000

Symbol: __heap_base
   Definitions
      At line 36 in file startup\startup_cm0.s
   Uses
      At line 255 in file startup\startup_cm0.s
Comment: __heap_base used once
__heap_limit 00000000

Symbol: __heap_limit
   Definitions
      At line 38 in file startup\startup_cm0.s
   Uses
      At line 256 in file startup\startup_cm0.s
Comment: __heap_limit used once
4 symbols



ARM Macro Assembler    Page 1 Alphabetic symbol ordering
Relocatable symbols

RESET 00000000

Symbol: RESET
   Definitions
      At line 47 in file startup\startup_cm0.s
   Uses
      None
Comment: RESET unused
__Vectors 00000000

Symbol: __Vectors
   Definitions
      At line 50 in file startup\startup_cm0.s
   Uses
      At line 48 in file startup\startup_cm0.s
Comment: __Vectors used once
2 symbols



ARM Macro Assembler    Page 1 Alphabetic symbol ordering
Relocatable symbols

.text 00000000

Symbol: .text
   Definitions
      At line 107 in file startup\startup_cm0.s
   Uses
      None
Comment: .text unused
AON_WKUP_IRQHandler 00000016

Symbol: AON_WKUP_IRQHandler
   Definitions
      At line 224 in file startup\startup_cm0.s
   Uses
      At line 103 in file startup\startup_cm0.s
      At line 186 in file startup\startup_cm0.s

APB_SPI0_IRQnHandler 00000016

Symbol: APB_SPI0_IRQnHandler
   Definitions
      At line 218 in file startup\startup_cm0.s
   Uses
      At line 85 in file startup\startup_cm0.s
      At line 176 in file startup\startup_cm0.s

APB_SPI1_IRQnHandler 00000016

Symbol: APB_SPI1_IRQnHandler
   Definitions
      At line 219 in file startup\startup_cm0.s
   Uses
      At line 86 in file startup\startup_cm0.s
      At line 177 in file startup\startup_cm0.s

APB_SPI_IRQnHandler 00000016

Symbol: APB_SPI_IRQnHandler
   Definitions
      At line 225 in file startup\startup_cm0.s
   Uses
      None
Comment: APB_SPI_IRQnHandler unused
BusFault_Handler 0000000A

Symbol: BusFault_Handler
   Definitions
      At line 134 in file startup\startup_cm0.s
   Uses
      At line 55 in file startup\startup_cm0.s
      At line 135 in file startup\startup_cm0.s

CMU2AHB_IRQHandler 00000016

Symbol: CMU2AHB_IRQHandler
   Definitions
      At line 226 in file startup\startup_cm0.s
   Uses
      At line 104 in file startup\startup_cm0.s



ARM Macro Assembler    Page 2 Alphabetic symbol ordering
Relocatable symbols

      At line 187 in file startup\startup_cm0.s

DMA_IRQHandler 00000016

Symbol: DMA_IRQHandler
   Definitions
      At line 217 in file startup\startup_cm0.s
   Uses
      At line 72 in file startup\startup_cm0.s
      At line 175 in file startup\startup_cm0.s

DebugMon_Handler 00000010

Symbol: DebugMon_Handler
   Definitions
      At line 148 in file startup\startup_cm0.s
   Uses
      At line 62 in file startup\startup_cm0.s
      At line 149 in file startup\startup_cm0.s

Default_Handler 00000016

Symbol: Default_Handler
   Definitions
      At line 161 in file startup\startup_cm0.s
   Uses
      None
Comment: Default_Handler unused
GPADC_IRQHandler 00000016

Symbol: GPADC_IRQHandler
   Definitions
      At line 211 in file startup\startup_cm0.s
   Uses
      At line 76 in file startup\startup_cm0.s
      At line 170 in file startup\startup_cm0.s

GPIO_A0_IRQHandler 00000016

Symbol: GPIO_A0_IRQHandler
   Definitions
      At line 227 in file startup\startup_cm0.s
   Uses
      At line 84 in file startup\startup_cm0.s
Comment: GPIO_A0_IRQHandler used once
GPIO_A2_IRQHandler 00000016

Symbol: GPIO_A2_IRQHandler
   Definitions
      At line 216 in file startup\startup_cm0.s
   Uses
      At line 82 in file startup\startup_cm0.s
      At line 183 in file startup\startup_cm0.s

GPIO_A3_IRQHandler 00000016

Symbol: GPIO_A3_IRQHandler
   Definitions
      At line 221 in file startup\startup_cm0.s



ARM Macro Assembler    Page 3 Alphabetic symbol ordering
Relocatable symbols

   Uses
      At line 88 in file startup\startup_cm0.s
      At line 179 in file startup\startup_cm0.s

GPIO_A4_IRQHandler 00000016

Symbol: GPIO_A4_IRQHandler
   Definitions
      At line 228 in file startup\startup_cm0.s
   Uses
      At line 91 in file startup\startup_cm0.s
      At line 189 in file startup\startup_cm0.s

GPIO_A5_IRQHandler 00000016

Symbol: GPIO_A5_IRQHandler
   Definitions
      At line 229 in file startup\startup_cm0.s
   Uses
      At line 92 in file startup\startup_cm0.s
      At line 190 in file startup\startup_cm0.s

GPIO_A6_IRQHandler 00000016

Symbol: GPIO_A6_IRQHandler
   Definitions
      At line 230 in file startup\startup_cm0.s
   Uses
      At line 93 in file startup\startup_cm0.s
      At line 191 in file startup\startup_cm0.s

GPIO_A7_IRQHandler 00000016

Symbol: GPIO_A7_IRQHandler
   Definitions
      At line 231 in file startup\startup_cm0.s
   Uses
      At line 94 in file startup\startup_cm0.s
      At line 192 in file startup\startup_cm0.s

GPIO_B0_IRQHandler 00000016

Symbol: GPIO_B0_IRQHandler
   Definitions
      At line 232 in file startup\startup_cm0.s
   Uses
      At line 95 in file startup\startup_cm0.s
      At line 193 in file startup\startup_cm0.s
      At line 196 in file startup\startup_cm0.s

GPIO_B1_IRQHandler 00000016

Symbol: GPIO_B1_IRQHandler
   Definitions
      At line 233 in file startup\startup_cm0.s
   Uses
      At line 96 in file startup\startup_cm0.s
      At line 194 in file startup\startup_cm0.s
      At line 197 in file startup\startup_cm0.s



ARM Macro Assembler    Page 4 Alphabetic symbol ordering
Relocatable symbols


GPIO_B2_IRQHandler 00000016

Symbol: GPIO_B2_IRQHandler
   Definitions
      At line 234 in file startup\startup_cm0.s
   Uses
      At line 97 in file startup\startup_cm0.s
      At line 198 in file startup\startup_cm0.s

GPIO_B3_IRQHandler 00000016

Symbol: GPIO_B3_IRQHandler
   Definitions
      At line 235 in file startup\startup_cm0.s
   Uses
      At line 98 in file startup\startup_cm0.s
      At line 199 in file startup\startup_cm0.s

GPIO_B4_IRQHandler 00000016

Symbol: GPIO_B4_IRQHandler
   Definitions
      At line 236 in file startup\startup_cm0.s
   Uses
      At line 99 in file startup\startup_cm0.s
      At line 200 in file startup\startup_cm0.s

GPIO_B5_IRQHandler 00000016

Symbol: GPIO_B5_IRQHandler
   Definitions
      At line 237 in file startup\startup_cm0.s
   Uses
      At line 100 in file startup\startup_cm0.s
      At line 201 in file startup\startup_cm0.s

GPIO_B6_IRQHandler 00000016

Symbol: GPIO_B6_IRQHandler
   Definitions
      At line 238 in file startup\startup_cm0.s
   Uses
      At line 101 in file startup\startup_cm0.s
      At line 202 in file startup\startup_cm0.s

GPIO_B7_IRQHandler 00000016

Symbol: GPIO_B7_IRQHandler
   Definitions
      At line 239 in file startup\startup_cm0.s
   Uses
      At line 102 in file startup\startup_cm0.s
      At line 203 in file startup\startup_cm0.s

HardFault_Handler 00000006

Symbol: HardFault_Handler
   Definitions



ARM Macro Assembler    Page 5 Alphabetic symbol ordering
Relocatable symbols

      At line 124 in file startup\startup_cm0.s
   Uses
      At line 53 in file startup\startup_cm0.s
      At line 125 in file startup\startup_cm0.s

I2C0_IRQHandler 00000016

Symbol: I2C0_IRQHandler
   Definitions
      At line 204 in file startup\startup_cm0.s
   Uses
      At line 68 in file startup\startup_cm0.s
      At line 163 in file startup\startup_cm0.s

I2C1_IRQHandler 00000016

Symbol: I2C1_IRQHandler
   Definitions
      At line 205 in file startup\startup_cm0.s
   Uses
      At line 69 in file startup\startup_cm0.s
      At line 164 in file startup\startup_cm0.s

MemManage_Handler 00000008

Symbol: MemManage_Handler
   Definitions
      At line 129 in file startup\startup_cm0.s
   Uses
      At line 54 in file startup\startup_cm0.s
      At line 130 in file startup\startup_cm0.s

NMI_Handler 00000004

Symbol: NMI_Handler
   Definitions
      At line 119 in file startup\startup_cm0.s
   Uses
      At line 52 in file startup\startup_cm0.s
      At line 120 in file startup\startup_cm0.s

PendSV_Handler 00000012

Symbol: PendSV_Handler
   Definitions
      At line 152 in file startup\startup_cm0.s
   Uses
      At line 64 in file startup\startup_cm0.s
      At line 153 in file startup\startup_cm0.s

QSPI_CTRL_IRQHandler 00000016

Symbol: QSPI_CTRL_IRQHandler
   Definitions
      At line 223 in file startup\startup_cm0.s
   Uses
      At line 89 in file startup\startup_cm0.s
      At line 185 in file startup\startup_cm0.s




ARM Macro Assembler    Page 6 Alphabetic symbol ordering
Relocatable symbols

RTC_IRQHandler 00000016

Symbol: RTC_IRQHandler
   Definitions
      At line 222 in file startup\startup_cm0.s
   Uses
      At line 90 in file startup\startup_cm0.s
      At line 180 in file startup\startup_cm0.s

Reset_Handler 00000000

Symbol: Reset_Handler
   Definitions
      At line 109 in file startup\startup_cm0.s
   Uses
      At line 51 in file startup\startup_cm0.s
      At line 110 in file startup\startup_cm0.s

SVC_Handler 0000000E

Symbol: SVC_Handler
   Definitions
      At line 143 in file startup\startup_cm0.s
   Uses
      At line 61 in file startup\startup_cm0.s
      At line 144 in file startup\startup_cm0.s

SYS_GPIO_0_IRQHandler 00000016

Symbol: SYS_GPIO_0_IRQHandler
   Definitions
      At line 212 in file startup\startup_cm0.s
   Uses
      At line 78 in file startup\startup_cm0.s
      At line 171 in file startup\startup_cm0.s

SYS_GPIO_1_IRQHandler 00000016

Symbol: SYS_GPIO_1_IRQHandler
   Definitions
      At line 213 in file startup\startup_cm0.s
   Uses
      At line 79 in file startup\startup_cm0.s
      At line 172 in file startup\startup_cm0.s

SysTick_Handler 00000014

Symbol: SysTick_Handler
   Definitions
      At line 156 in file startup\startup_cm0.s
   Uses
      At line 65 in file startup\startup_cm0.s
      At line 157 in file startup\startup_cm0.s

TIMER0_IRQHandler 00000016

Symbol: TIMER0_IRQHandler
   Definitions
      At line 209 in file startup\startup_cm0.s



ARM Macro Assembler    Page 7 Alphabetic symbol ordering
Relocatable symbols

   Uses
      At line 74 in file startup\startup_cm0.s
      At line 168 in file startup\startup_cm0.s

TIMER1_IRQHandler 00000016

Symbol: TIMER1_IRQHandler
   Definitions
      At line 210 in file startup\startup_cm0.s
   Uses
      At line 75 in file startup\startup_cm0.s
      At line 169 in file startup\startup_cm0.s

UART0_IRQHandler 00000016

Symbol: UART0_IRQHandler
   Definitions
      At line 206 in file startup\startup_cm0.s
   Uses
      At line 70 in file startup\startup_cm0.s
      At line 165 in file startup\startup_cm0.s

UART1_IRQHandler 00000016

Symbol: UART1_IRQHandler
   Definitions
      At line 207 in file startup\startup_cm0.s
   Uses
      At line 71 in file startup\startup_cm0.s
      At line 166 in file startup\startup_cm0.s

UART2_IRQHandler 00000016

Symbol: UART2_IRQHandler
   Definitions
      At line 208 in file startup\startup_cm0.s
   Uses
      At line 167 in file startup\startup_cm0.s
Comment: UART2_IRQHandler used once
UsageFault_Handler 0000000C

Symbol: UsageFault_Handler
   Definitions
      At line 139 in file startup\startup_cm0.s
   Uses
      At line 56 in file startup\startup_cm0.s
      At line 140 in file startup\startup_cm0.s

WDT_IRQHandler 00000016

Symbol: WDT_IRQHandler
   Definitions
      At line 214 in file startup\startup_cm0.s
   Uses
      At line 80 in file startup\startup_cm0.s
      At line 173 in file startup\startup_cm0.s

46 symbols



ARM Macro Assembler    Page 1 Alphabetic symbol ordering
Absolute symbols

Heap_Size 00000000

Symbol: Heap_Size
   Definitions
      At line 33 in file startup\startup_cm0.s
   Uses
      At line 37 in file startup\startup_cm0.s
Comment: Heap_Size used once
__initial_sp 20000FFC

Symbol: __initial_sp
   Definitions
      At line 24 in file startup\startup_cm0.s
   Uses
      At line 50 in file startup\startup_cm0.s
      At line 254 in file startup\startup_cm0.s

2 symbols



ARM Macro Assembler    Page 1 Alphabetic symbol ordering
External symbols

__main 00000000

Symbol: __main
   Definitions
      At line 111 in file startup\startup_cm0.s
   Uses
      At line 112 in file startup\startup_cm0.s
Comment: __main used once
1 symbol
390 symbols in table
